<?xml version="1.0" encoding="UTF-8"?>
<testsuite name="ab1.Ab1Tests" tests="12" skipped="0" failures="0" errors="0" timestamp="2023-05-13T19:01:45" hostname="DELL-XPS" time="3.418">
  <properties/>
  <testcase name="Heap_remove_exception()" classname="ab1.Ab1Tests" time="0.013"/>
  <testcase name="Heap_add()" classname="ab1.Ab1Tests" time="0.001"/>
  <testcase name="SortedList_insert()" classname="ab1.Ab1Tests" time="0.002"/>
  <testcase name="SortedList_remove()" classname="ab1.Ab1Tests" time="0.0"/>
  <testcase name="Heap_max_exception()" classname="ab1.Ab1Tests" time="0.001"/>
  <testcase name="SortedList_insert_exception()" classname="ab1.Ab1Tests" time="0.003"/>
  <testcase name="HeapSort_large()" classname="ab1.Ab1Tests" time="1.976"/>
  <testcase name="HeapSort_small()" classname="ab1.Ab1Tests" time="0.001"/>
  <testcase name="QuickSort_large()" classname="ab1.Ab1Tests" time="1.411"/>
  <testcase name="QuickSort_small()" classname="ab1.Ab1Tests" time="0.001"/>
  <testcase name="Heap_add_exception()" classname="ab1.Ab1Tests" time="0.001"/>
  <testcase name="Heap_remove()" classname="ab1.Ab1Tests" time="0.0"/>
  <system-out><![CDATA[]]></system-out>
  <system-err><![CDATA[]]></system-err>
</testsuite>
